<?xml version="1.0" encoding="UTF-8"?>
<coverage generated="1633758468625" clover="3.2.0">
  <project timestamp="1633758468625" name="All files">
    <metrics statements="65" coveredstatements="65" conditionals="54" coveredconditionals="54" methods="10" coveredmethods="10" elements="129" coveredelements="129" complexity="0" loc="65" ncloc="65" packages="1" files="1" classes="1"/>
    <file name="ControladorDeAuto.js" path="D:\UNIVERSIDAD\SEMESTRE 6\ING DE SW\PROYECTOS\Controlador de Auto TDD\parcel-jest-base\src\ControladorDeAuto.js">
      <metrics statements="65" coveredstatements="65" conditionals="54" coveredconditionals="54" methods="10" coveredmethods="10"/>
      <line num="3" count="42" type="stmt"/>
      <line num="4" count="42" type="cond" truecount="2" falsecount="0"/>
      <line num="5" count="27" type="stmt"/>
      <line num="6" count="42" type="stmt"/>
      <line num="10" count="40" type="stmt"/>
      <line num="11" count="40" type="cond" truecount="2" falsecount="0"/>
      <line num="12" count="40" type="cond" truecount="2" falsecount="0"/>
      <line num="13" count="40" type="stmt"/>
      <line num="17" count="237" type="cond" truecount="3" falsecount="0"/>
      <line num="21" count="136" type="stmt"/>
      <line num="25" count="34" type="stmt"/>
      <line num="26" count="34" type="stmt"/>
      <line num="27" count="34" type="cond" truecount="2" falsecount="0"/>
      <line num="28" count="9" type="stmt"/>
      <line num="31" count="34" type="stmt"/>
      <line num="36" count="34" type="stmt"/>
      <line num="37" count="34" type="stmt"/>
      <line num="38" count="34" type="cond" truecount="4" falsecount="0"/>
      <line num="39" count="6" type="stmt"/>
      <line num="41" count="34" type="stmt"/>
      <line num="42" count="34" type="cond" truecount="6" falsecount="0"/>
      <line num="43" count="2" type="stmt"/>
      <line num="46" count="34" type="cond" truecount="2" falsecount="0"/>
      <line num="47" count="34" type="stmt"/>
      <line num="52" count="34" type="stmt"/>
      <line num="53" count="34" type="stmt"/>
      <line num="54" count="34" type="cond" truecount="2" falsecount="0"/>
      <line num="55" count="9" type="stmt"/>
      <line num="57" count="34" type="stmt"/>
      <line num="61" count="64" type="cond" truecount="2" falsecount="0"/>
      <line num="65" count="34" type="stmt"/>
      <line num="66" count="34" type="stmt"/>
      <line num="67" count="34" type="stmt"/>
      <line num="68" count="34" type="stmt"/>
      <line num="69" count="34" type="stmt"/>
      <line num="70" count="34" type="cond" truecount="5" falsecount="0"/>
      <line num="71" count="4" type="stmt"/>
      <line num="73" count="34" type="stmt"/>
      <line num="77" count="34" type="stmt"/>
      <line num="78" count="34" type="stmt"/>
      <line num="79" count="34" type="stmt"/>
      <line num="80" count="34" type="stmt"/>
      <line num="81" count="34" type="stmt"/>
      <line num="83" count="34" type="stmt"/>
      <line num="84" count="34" type="cond" truecount="2" falsecount="0"/>
      <line num="85" count="33" type="cond" truecount="4" falsecount="0"/>
      <line num="86" count="29" type="stmt"/>
      <line num="87" count="29" type="stmt"/>
      <line num="88" count="237" type="stmt"/>
      <line num="89" count="237" type="cond" truecount="2" falsecount="0"/>
      <line num="90" count="186" type="cond" truecount="2" falsecount="0"/>
      <line num="91" count="186" type="cond" truecount="2" falsecount="0"/>
      <line num="92" count="186" type="cond" truecount="2" falsecount="0"/>
      <line num="93" count="186" type="cond" truecount="2" falsecount="0"/>
      <line num="95" count="237" type="cond" truecount="2" falsecount="0"/>
      <line num="96" count="22" type="stmt"/>
      <line num="98" count="237" type="cond" truecount="2" falsecount="0"/>
      <line num="99" count="20" type="stmt"/>
      <line num="101" count="237" type="cond" truecount="2" falsecount="0"/>
      <line num="102" count="9" type="stmt"/>
      <line num="103" count="9" type="stmt"/>
      <line num="106" count="20" type="stmt"/>
      <line num="107" count="20" type="stmt"/>
      <line num="108" count="20" type="stmt"/>
      <line num="109" count="20" type="stmt"/>
    </file>
  </project>
</coverage>
