{"D:\\UNIVERSIDAD\\SEMESTRE 6\\ING DE SW\\PROYECTOS\\Controlador de Auto TDD\\parcel-jest-base\\src\\ControladorDeAuto.js": {"path":"D:\\UNIVERSIDAD\\SEMESTRE 6\\ING DE SW\\PROYECTOS\\Controlador de Auto TDD\\parcel-jest-base\\src\\ControladorDeAuto.js","statementMap":{"0":{"start":{"line":3,"column":29},"end":{"line":3,"column":40}},"1":{"start":{"line":4,"column":2},"end":{"line":5,"column":87}},"2":{"start":{"line":4,"column":36},"end":{"line":4,"column":75}},"3":{"start":{"line":5,"column":13},"end":{"line":5,"column":87}},"4":{"start":{"line":6,"column":2},"end":{"line":6,"column":30}},"5":{"start":{"line":10,"column":27},"end":{"line":10,"column":37}},"6":{"start":{"line":11,"column":2},"end":{"line":11,"column":42}},"7":{"start":{"line":11,"column":19},"end":{"line":11,"column":42}},"8":{"start":{"line":12,"column":2},"end":{"line":12,"column":50}},"9":{"start":{"line":12,"column":27},"end":{"line":12,"column":50}},"10":{"start":{"line":13,"column":2},"end":{"line":13,"column":28}},"11":{"start":{"line":17,"column":2},"end":{"line":17,"column":59}},"12":{"start":{"line":21,"column":10},"end":{"line":21,"column":11}},"13":{"start":{"line":22,"column":10},"end":{"line":22,"column":11}},"14":{"start":{"line":23,"column":22},"end":{"line":23,"column":24}},"15":{"start":{"line":24,"column":23},"end":{"line":24,"column":53}},"16":{"start":{"line":25,"column":2},"end":{"line":28,"column":3}},"17":{"start":{"line":26,"column":4},"end":{"line":26,"column":40}},"18":{"start":{"line":27,"column":4},"end":{"line":27,"column":44}},"19":{"start":{"line":29,"column":2},"end":{"line":31,"column":3}},"20":{"start":{"line":30,"column":4},"end":{"line":30,"column":24}},"21":{"start":{"line":32,"column":20},"end":{"line":32,"column":23}},"22":{"start":{"line":33,"column":22},"end":{"line":33,"column":49}},"23":{"start":{"line":34,"column":2},"end":{"line":53,"column":3}},"24":{"start":{"line":34,"column":12},"end":{"line":34,"column":13}},"25":{"start":{"line":35,"column":19},"end":{"line":35,"column":41}},"26":{"start":{"line":36,"column":4},"end":{"line":41,"column":5}},"27":{"start":{"line":37,"column":6},"end":{"line":37,"column":31}},"28":{"start":{"line":37,"column":27},"end":{"line":37,"column":31}},"29":{"start":{"line":38,"column":6},"end":{"line":38,"column":31}},"30":{"start":{"line":38,"column":27},"end":{"line":38,"column":31}},"31":{"start":{"line":39,"column":6},"end":{"line":39,"column":31}},"32":{"start":{"line":39,"column":27},"end":{"line":39,"column":31}},"33":{"start":{"line":40,"column":6},"end":{"line":40,"column":31}},"34":{"start":{"line":40,"column":27},"end":{"line":40,"column":31}},"35":{"start":{"line":42,"column":4},"end":{"line":44,"column":5}},"36":{"start":{"line":43,"column":6},"end":{"line":43,"column":80}},"37":{"start":{"line":45,"column":4},"end":{"line":47,"column":5}},"38":{"start":{"line":46,"column":6},"end":{"line":46,"column":90}},"39":{"start":{"line":48,"column":4},"end":{"line":51,"column":5}},"40":{"start":{"line":49,"column":6},"end":{"line":49,"column":50}},"41":{"start":{"line":50,"column":6},"end":{"line":50,"column":27}},"42":{"start":{"line":54,"column":2},"end":{"line":54,"column":34}},"43":{"start":{"line":55,"column":2},"end":{"line":55,"column":34}},"44":{"start":{"line":56,"column":2},"end":{"line":56,"column":46}},"45":{"start":{"line":57,"column":2},"end":{"line":57,"column":23}}},"fnMap":{"0":{"name":"obtenerSiguienteOrientacion","decl":{"start":{"line":2,"column":9},"end":{"line":2,"column":36}},"loc":{"start":{"line":2,"column":64},"end":{"line":7,"column":1}},"line":2},"1":{"name":"ajustarLimitesSuperficie","decl":{"start":{"line":9,"column":9},"end":{"line":9,"column":33}},"loc":{"start":{"line":9,"column":45},"end":{"line":14,"column":1}},"line":9},"2":{"name":"caracterNoPermitido","decl":{"start":{"line":16,"column":9},"end":{"line":16,"column":28}},"loc":{"start":{"line":16,"column":38},"end":{"line":18,"column":1}},"line":16},"3":{"name":"controlarAuto","decl":{"start":{"line":20,"column":9},"end":{"line":20,"column":22}},"loc":{"start":{"line":20,"column":44},"end":{"line":58,"column":1}},"line":20}},"branchMap":{"0":{"loc":{"start":{"line":4,"column":2},"end":{"line":5,"column":87}},"type":"if","locations":[{"start":{"line":4,"column":2},"end":{"line":5,"column":87}},{"start":{"line":4,"column":2},"end":{"line":5,"column":87}}],"line":4},"1":{"loc":{"start":{"line":11,"column":2},"end":{"line":11,"column":42}},"type":"if","locations":[{"start":{"line":11,"column":2},"end":{"line":11,"column":42}},{"start":{"line":11,"column":2},"end":{"line":11,"column":42}}],"line":11},"2":{"loc":{"start":{"line":12,"column":2},"end":{"line":12,"column":50}},"type":"if","locations":[{"start":{"line":12,"column":2},"end":{"line":12,"column":50}},{"start":{"line":12,"column":2},"end":{"line":12,"column":50}}],"line":12},"3":{"loc":{"start":{"line":17,"column":9},"end":{"line":17,"column":58}},"type":"binary-expr","locations":[{"start":{"line":17,"column":9},"end":{"line":17,"column":23}},{"start":{"line":17,"column":27},"end":{"line":17,"column":41}},{"start":{"line":17,"column":45},"end":{"line":17,"column":58}}],"line":17},"4":{"loc":{"start":{"line":25,"column":2},"end":{"line":28,"column":3}},"type":"if","locations":[{"start":{"line":25,"column":2},"end":{"line":28,"column":3}},{"start":{"line":25,"column":2},"end":{"line":28,"column":3}}],"line":25},"5":{"loc":{"start":{"line":29,"column":2},"end":{"line":31,"column":3}},"type":"if","locations":[{"start":{"line":29,"column":2},"end":{"line":31,"column":3}},{"start":{"line":29,"column":2},"end":{"line":31,"column":3}}],"line":29},"6":{"loc":{"start":{"line":36,"column":4},"end":{"line":41,"column":5}},"type":"if","locations":[{"start":{"line":36,"column":4},"end":{"line":41,"column":5}},{"start":{"line":36,"column":4},"end":{"line":41,"column":5}}],"line":36},"7":{"loc":{"start":{"line":37,"column":6},"end":{"line":37,"column":31}},"type":"if","locations":[{"start":{"line":37,"column":6},"end":{"line":37,"column":31}},{"start":{"line":37,"column":6},"end":{"line":37,"column":31}}],"line":37},"8":{"loc":{"start":{"line":38,"column":6},"end":{"line":38,"column":31}},"type":"if","locations":[{"start":{"line":38,"column":6},"end":{"line":38,"column":31}},{"start":{"line":38,"column":6},"end":{"line":38,"column":31}}],"line":38},"9":{"loc":{"start":{"line":39,"column":6},"end":{"line":39,"column":31}},"type":"if","locations":[{"start":{"line":39,"column":6},"end":{"line":39,"column":31}},{"start":{"line":39,"column":6},"end":{"line":39,"column":31}}],"line":39},"10":{"loc":{"start":{"line":40,"column":6},"end":{"line":40,"column":31}},"type":"if","locations":[{"start":{"line":40,"column":6},"end":{"line":40,"column":31}},{"start":{"line":40,"column":6},"end":{"line":40,"column":31}}],"line":40},"11":{"loc":{"start":{"line":42,"column":4},"end":{"line":44,"column":5}},"type":"if","locations":[{"start":{"line":42,"column":4},"end":{"line":44,"column":5}},{"start":{"line":42,"column":4},"end":{"line":44,"column":5}}],"line":42},"12":{"loc":{"start":{"line":45,"column":4},"end":{"line":47,"column":5}},"type":"if","locations":[{"start":{"line":45,"column":4},"end":{"line":47,"column":5}},{"start":{"line":45,"column":4},"end":{"line":47,"column":5}}],"line":45},"13":{"loc":{"start":{"line":48,"column":4},"end":{"line":51,"column":5}},"type":"if","locations":[{"start":{"line":48,"column":4},"end":{"line":51,"column":5}},{"start":{"line":48,"column":4},"end":{"line":51,"column":5}}],"line":48}},"s":{"0":39,"1":39,"2":15,"3":24,"4":39,"5":34,"6":34,"7":5,"8":34,"9":2,"10":34,"11":225,"12":26,"13":26,"14":26,"15":26,"16":26,"17":1,"18":1,"19":26,"20":1,"21":26,"22":26,"23":26,"24":26,"25":225,"26":225,"27":177,"28":44,"29":177,"30":51,"31":177,"32":28,"33":177,"34":54,"35":225,"36":19,"37":225,"38":20,"39":225,"40":9,"41":9,"42":17,"43":17,"44":17,"45":17},"f":{"0":39,"1":34,"2":225,"3":26},"b":{"0":[15,24],"1":[5,29],"2":[2,32],"3":[225,206,29],"4":[1,25],"5":[1,25],"6":[177,48],"7":[44,133],"8":[51,126],"9":[28,149],"10":[54,123],"11":[19,206],"12":[20,205],"13":[9,216]},"_coverageSchema":"1a1c01bbd47fc00a2c39e90264f33305004495a9","hash":"7b0d620e8c3bf8c45e8aab674918bdb45f4a2389"}
}
