{"D:\\UNIVERSIDAD\\SEMESTRE 6\\ING DE SW\\PROYECTOS\\Controlador de Auto TDD\\parcel-jest-base\\src\\ControladorDeAuto.js": {"path":"D:\\UNIVERSIDAD\\SEMESTRE 6\\ING DE SW\\PROYECTOS\\Controlador de Auto TDD\\parcel-jest-base\\src\\ControladorDeAuto.js","statementMap":{"0":{"start":{"line":3,"column":22},"end":{"line":3,"column":39}},"1":{"start":{"line":4,"column":2},"end":{"line":4,"column":61}},"2":{"start":{"line":8,"column":10},"end":{"line":8,"column":11}},"3":{"start":{"line":9,"column":10},"end":{"line":9,"column":11}},"4":{"start":{"line":10,"column":20},"end":{"line":10,"column":23}},"5":{"start":{"line":11,"column":22},"end":{"line":11,"column":49}},"6":{"start":{"line":12,"column":2},"end":{"line":31,"column":3}},"7":{"start":{"line":12,"column":12},"end":{"line":12,"column":13}},"8":{"start":{"line":13,"column":4},"end":{"line":13,"column":39}},"9":{"start":{"line":14,"column":4},"end":{"line":19,"column":5}},"10":{"start":{"line":15,"column":6},"end":{"line":15,"column":30}},"11":{"start":{"line":16,"column":6},"end":{"line":16,"column":31}},"12":{"start":{"line":16,"column":27},"end":{"line":16,"column":31}},"13":{"start":{"line":17,"column":6},"end":{"line":17,"column":31}},"14":{"start":{"line":17,"column":27},"end":{"line":17,"column":31}},"15":{"start":{"line":18,"column":6},"end":{"line":18,"column":31}},"16":{"start":{"line":18,"column":27},"end":{"line":18,"column":31}},"17":{"start":{"line":20,"column":4},"end":{"line":22,"column":5}},"18":{"start":{"line":21,"column":6},"end":{"line":21,"column":61}},"19":{"start":{"line":23,"column":4},"end":{"line":25,"column":5}},"20":{"start":{"line":24,"column":8},"end":{"line":24,"column":26}},"21":{"start":{"line":26,"column":4},"end":{"line":29,"column":5}},"22":{"start":{"line":27,"column":6},"end":{"line":27,"column":50}},"23":{"start":{"line":28,"column":6},"end":{"line":28,"column":27}},"24":{"start":{"line":32,"column":2},"end":{"line":32,"column":46}},"25":{"start":{"line":33,"column":2},"end":{"line":33,"column":23}}},"fnMap":{"0":{"name":"obtenerSiguienteOrientacion","decl":{"start":{"line":2,"column":9},"end":{"line":2,"column":36}},"loc":{"start":{"line":2,"column":49},"end":{"line":5,"column":1}},"line":2},"1":{"name":"controlarAuto","decl":{"start":{"line":7,"column":9},"end":{"line":7,"column":22}},"loc":{"start":{"line":7,"column":44},"end":{"line":34,"column":1}},"line":7}},"branchMap":{"0":{"loc":{"start":{"line":14,"column":4},"end":{"line":19,"column":5}},"type":"if","locations":[{"start":{"line":14,"column":4},"end":{"line":19,"column":5}},{"start":{"line":14,"column":4},"end":{"line":19,"column":5}}],"line":14},"1":{"loc":{"start":{"line":16,"column":6},"end":{"line":16,"column":31}},"type":"if","locations":[{"start":{"line":16,"column":6},"end":{"line":16,"column":31}},{"start":{"line":16,"column":6},"end":{"line":16,"column":31}}],"line":16},"2":{"loc":{"start":{"line":17,"column":6},"end":{"line":17,"column":31}},"type":"if","locations":[{"start":{"line":17,"column":6},"end":{"line":17,"column":31}},{"start":{"line":17,"column":6},"end":{"line":17,"column":31}}],"line":17},"3":{"loc":{"start":{"line":18,"column":6},"end":{"line":18,"column":31}},"type":"if","locations":[{"start":{"line":18,"column":6},"end":{"line":18,"column":31}},{"start":{"line":18,"column":6},"end":{"line":18,"column":31}}],"line":18},"4":{"loc":{"start":{"line":20,"column":4},"end":{"line":22,"column":5}},"type":"if","locations":[{"start":{"line":20,"column":4},"end":{"line":22,"column":5}},{"start":{"line":20,"column":4},"end":{"line":22,"column":5}}],"line":20},"5":{"loc":{"start":{"line":23,"column":4},"end":{"line":25,"column":5}},"type":"if","locations":[{"start":{"line":23,"column":4},"end":{"line":25,"column":5}},{"start":{"line":23,"column":4},"end":{"line":25,"column":5}}],"line":23},"6":{"loc":{"start":{"line":26,"column":4},"end":{"line":29,"column":5}},"type":"if","locations":[{"start":{"line":26,"column":4},"end":{"line":29,"column":5}},{"start":{"line":26,"column":4},"end":{"line":29,"column":5}}],"line":26},"7":{"loc":{"start":{"line":26,"column":7},"end":{"line":26,"column":98}},"type":"binary-expr","locations":[{"start":{"line":26,"column":7},"end":{"line":26,"column":35}},{"start":{"line":26,"column":39},"end":{"line":26,"column":67}},{"start":{"line":26,"column":71},"end":{"line":26,"column":98}}],"line":26}},"s":{"0":3,"1":3,"2":10,"3":10,"4":10,"5":10,"6":10,"7":10,"8":15,"9":15,"10":6,"11":6,"12":3,"13":6,"14":2,"15":6,"16":1,"17":15,"18":3,"19":15,"20":1,"21":15,"22":5,"23":5,"24":5,"25":5},"f":{"0":3,"1":10},"b":{"0":[6,9],"1":[3,3],"2":[2,4],"3":[1,5],"4":[3,12],"5":[1,14],"6":[5,10],"7":[15,12,6]},"_coverageSchema":"1a1c01bbd47fc00a2c39e90264f33305004495a9","hash":"f6a92a9929b9dd830bf41abdecc4fd5f127a5a4f"}
}
