TN:
SF:src\ControladorDeAuto.js
FN:2,obtenerSiguienteOrientacion
FN:9,ajustarLimitesSuperficie
FN:16,caracterNoPermitido
FN:20,controlarAuto
FNF:4
FNH:4
FNDA:39,obtenerSiguienteOrientacion
FNDA:34,ajustarLimitesSuperficie
FNDA:225,caracterNoPermitido
FNDA:28,controlarAuto
DA:3,39
DA:4,39
DA:5,24
DA:6,39
DA:10,34
DA:11,34
DA:12,34
DA:13,34
DA:17,225
DA:21,28
DA:22,28
DA:23,28
DA:24,28
DA:25,28
DA:26,3
DA:27,3
DA:29,28
DA:30,3
DA:31,3
DA:33,26
DA:34,26
DA:35,26
DA:36,225
DA:37,225
DA:38,177
DA:39,177
DA:40,177
DA:41,177
DA:43,225
DA:44,19
DA:46,225
DA:47,20
DA:49,225
DA:50,9
DA:51,9
DA:55,17
DA:56,17
DA:57,17
DA:58,17
LF:39
LH:39
BRDA:4,0,0,15
BRDA:4,0,1,24
BRDA:11,1,0,5
BRDA:11,1,1,29
BRDA:12,2,0,2
BRDA:12,2,1,32
BRDA:17,3,0,225
BRDA:17,3,1,206
BRDA:17,3,2,29
BRDA:25,4,0,3
BRDA:25,4,1,25
BRDA:29,5,0,3
BRDA:29,5,1,25
BRDA:31,6,0,2
BRDA:31,6,1,1
BRDA:31,7,0,3
BRDA:31,7,1,2
BRDA:37,8,0,177
BRDA:37,8,1,48
BRDA:38,9,0,44
BRDA:38,9,1,133
BRDA:39,10,0,51
BRDA:39,10,1,126
BRDA:40,11,0,28
BRDA:40,11,1,149
BRDA:41,12,0,54
BRDA:41,12,1,123
BRDA:43,13,0,19
BRDA:43,13,1,206
BRDA:46,14,0,20
BRDA:46,14,1,205
BRDA:49,15,0,9
BRDA:49,15,1,216
BRF:33
BRH:33
end_of_record
