TN:
SF:src\ControladorDeAuto.js
FN:2,obtenerSiguienteOrientacion
FN:7,controlarAuto
FNF:2
FNH:2
FNDA:3,obtenerSiguienteOrientacion
FNDA:14,controlarAuto
DA:3,3
DA:4,3
DA:8,14
DA:9,14
DA:10,14
DA:11,14
DA:12,14
DA:13,23
DA:14,23
DA:15,8
DA:16,8
DA:17,8
DA:18,8
DA:20,23
DA:21,3
DA:23,23
DA:24,4
DA:26,23
DA:27,8
DA:28,8
DA:32,6
DA:33,6
LF:22
LH:22
BRDA:14,0,0,8
BRDA:14,0,1,15
BRDA:16,1,0,4
BRDA:16,1,1,4
BRDA:17,2,0,2
BRDA:17,2,1,6
BRDA:18,3,0,2
BRDA:18,3,1,6
BRDA:20,4,0,3
BRDA:20,4,1,20
BRDA:23,5,0,4
BRDA:23,5,1,19
BRDA:26,6,0,8
BRDA:26,6,1,15
BRDA:26,7,0,23
BRDA:26,7,1,20
BRDA:26,7,2,12
BRF:17
BRH:17
end_of_record
